#
# There is insufficient memory for the Java Runtime Environment to continue.
# Native memory allocation (malloc) failed to allocate 32744 bytes for ChunkPool::allocate
# Possible reasons:
#   The system is out of physical RAM or swap space
#   In 32 bit mode, the process size limit was hit
# Possible solutions:
#   Reduce memory load on the system
#   Increase physical memory or swap space
#   Check if swap backing store is full
#   Use 64 bit Java on a 64 bit OS
#   Decrease Java heap size (-Xmx/-Xms)
#   Decrease number of Java threads
#   Decrease Java thread stack sizes (-Xss)
#   Set larger code cache with -XX:ReservedCodeCacheSize=
# This output file may be truncated or incomplete.
#
#  Out of Memory Error (allocation.cpp:273), pid=11892, tid=16372
#
# JRE version: Java(TM) SE Runtime Environment (8.0_60-b27) (build 1.8.0_60-b27)
# Java VM: Java HotSpot(TM) 64-Bit Server VM (25.60-b23 mixed mode windows-amd64 compressed oops)
# Failed to write core dump. Minidumps are not enabled by default on client versions of Windows
#

---------------  T H R E A D  ---------------

Current thread (0x0000000013c41800):  JavaThread "C2 CompilerThread0" daemon [_thread_in_native, id=16372, stack(0x0000000015290000,0x0000000015390000)]

Stack: [0x0000000015290000,0x0000000015390000]
[error occurred during error reporting (printing stack bounds), id 0xc0000005]

Native frames: (J=compiled Java code, j=interpreted, Vv=VM code, C=native code)


Current CompileTask:
C2:   6550 1837       4       java.net.URLClassLoader$1::run (5 bytes)


---------------  P R O C E S S  ---------------

Java Threads: ( => current thread )
  0x0000000016c45800 JavaThread "Cache worker for file hash cache (D:\Dharmendra Singh\MobileApp\Spy_App\rn-heartbeat-master\android\.gradle\5.5\fileHashes)" [_thread_blocked, id=13916, stack(0x000000001afe0000,0x000000001b0e0000)]
  0x0000000016c46000 JavaThread "Cache worker for journal cache (C:\Users\NISSSD\.gradle\caches\journal-1)" [_thread_blocked, id=16816, stack(0x00000000197d0000,0x00000000198d0000)]
  0x0000000016c42800 JavaThread "File lock request listener" [_thread_in_native, id=10032, stack(0x00000000196d0000,0x00000000197d0000)]
  0x0000000016c44800 JavaThread "Cache worker for file hash cache (C:\Users\NISSSD\.gradle\caches\5.5\fileHashes)" [_thread_blocked, id=16312, stack(0x00000000195d0000,0x00000000196d0000)]
  0x000000001704c800 JavaThread "Thread-9" [_thread_blocked, id=1408, stack(0x00000000192d0000,0x00000000193d0000)]
  0x000000001704c000 JavaThread "Stdin handler" [_thread_blocked, id=5944, stack(0x00000000191d0000,0x00000000192d0000)]
  0x000000001703f800 JavaThread "Asynchronous log dispatcher for DefaultDaemonConnection: socket connection from /127.0.0.1:62010 to /127.0.0.1:62011" [_thread_blocked, id=18896, stack(0x00000000190d0000,0x00000000191d0000)]
  0x000000001703e800 JavaThread "Daemon worker" [_thread_in_native, id=13336, stack(0x0000000018fd0000,0x00000000190d0000)]
  0x0000000016b66000 JavaThread "Cancel handler" [_thread_blocked, id=17752, stack(0x0000000018ed0000,0x0000000018fd0000)]
  0x0000000016b65800 JavaThread "Handler for socket connection from /127.0.0.1:62010 to /127.0.0.1:62011" [_thread_in_native, id=2456, stack(0x0000000018dd0000,0x0000000018ed0000)]
  0x000000001675b800 JavaThread "Daemon" [_thread_blocked, id=19332, stack(0x0000000018cd0000,0x0000000018dd0000)]
  0x0000000017064800 JavaThread "Daemon periodic checks" [_thread_blocked, id=12424, stack(0x0000000018bd0000,0x0000000018cd0000)]
  0x0000000017064000 JavaThread "Incoming local TCP Connector on port 62010" [_thread_in_native, id=17684, stack(0x0000000018990000,0x0000000018a90000)]
  0x0000000016a32800 JavaThread "Daemon health stats" [_thread_blocked, id=8760, stack(0x0000000017360000,0x0000000017460000)]
  0x00000000155c0800 JavaThread "Service Thread" daemon [_thread_blocked, id=15016, stack(0x0000000015990000,0x0000000015a90000)]
  0x0000000013c51800 JavaThread "C1 CompilerThread2" daemon [_thread_blocked, id=15244, stack(0x0000000015490000,0x0000000015590000)]
  0x0000000013c44800 JavaThread "C2 CompilerThread1" daemon [_thread_in_native, id=17364, stack(0x0000000015390000,0x0000000015490000)]
=>0x0000000013c41800 JavaThread "C2 CompilerThread0" daemon [_thread_in_native, id=16372, stack(0x0000000015290000,0x0000000015390000)]
  0x0000000013c3e000 JavaThread "Attach Listener" daemon [_thread_blocked, id=16688, stack(0x0000000015190000,0x0000000015290000)]
  0x0000000013c3c800 JavaThread "Signal Dispatcher" daemon [_thread_blocked, id=7204, stack(0x0000000015090000,0x0000000015190000)]
  0x0000000002818800 JavaThread "Finalizer" daemon [_thread_blocked, id=3216, stack(0x0000000014e90000,0x0000000014f90000)]
  0x000000000280f000 JavaThread "Reference Handler" daemon [_thread_blocked, id=9872, stack(0x0000000014d90000,0x0000000014e90000)]
  0x0000000002721000 JavaThread "main" [_thread_blocked, id=10364, stack(0x0000000002620000,0x0000000002720000)]

Other Threads:
  0x0000000013c08000 VMThread [stack: 0x0000000014c90000,0x0000000014d90000] [id=17916]
  0x00000000155e8000 WatcherThread [stack: 0x0000000015a90000,0x0000000015b90000] [id=4900]

VM state:not at safepoint (normal execution)

VM Mutex/Monitor currently owned by a thread: None

Heap:
 PSYoungGen      total 76288K, used 40335K [0x00000000f5580000, 0x00000000faa80000, 0x0000000100000000)
  eden space 65536K, 61% used [0x00000000f5580000,0x00000000f7ce3ce0,0x00000000f9580000)
  from space 10752K, 0% used [0x00000000f9580000,0x00000000f9580000,0x00000000fa000000)
  to   space 10752K, 0% used [0x00000000fa000000,0x00000000fa000000,0x00000000faa80000)
 ParOldGen       total 175104K, used 10689K [0x00000000e0000000, 0x00000000eab00000, 0x00000000f5580000)
  object space 175104K, 6% used [0x00000000e0000000,0x00000000e0a70730,0x00000000eab00000)
 Metaspace       used 25964K, capacity 26368K, committed 26752K, reserved 1073152K
  class space    used 3504K, capacity 3635K, committed 3712K, reserved 1048576K

Card table byte_map: [0x0000000011be0000,0x0000000011cf0000] byte_map_base: 0x00000000114e0000

Marking Bits: (ParMarkBitMap*) 0x00000000628aa5b0
 Begin Bits: [0x00000000121a0000, 0x00000000129a0000)
 End Bits:   [0x00000000129a0000, 0x00000000131a0000)

Polling page: 0x0000000002580000

CodeCache: size=245760Kb used=7932Kb max_used=7932Kb free=237827Kb
 bounds [0x0000000002820000, 0x0000000002ff0000, 0x0000000011820000]
 total_blobs=2650 nmethods=1988 adapters=574
 compilation: enabled

Compilation events (10 events):
Event: 6.165 Thread 0x0000000013c51800 1998       2       java.util.TreeMap::fixAfterInsertion (267 bytes)
Event: 6.167 Thread 0x0000000013c51800 nmethod 1998 0x0000000002fde890 code [0x0000000002fdeac0, 0x0000000002fdf338]
Event: 6.167 Thread 0x0000000013c51800 1999       2       java.beans.Introspector::makeQualifiedMethodName (50 bytes)
Event: 6.169 Thread 0x0000000013c51800 nmethod 1999 0x0000000002fdfc90 code [0x0000000002fdfe60, 0x0000000002fe09a8]
Event: 6.169 Thread 0x0000000013c51800 2002       2       groovy.lang.MetaClassImpl::establishStaticMetaProperty (262 bytes)
Event: 6.170 Thread 0x0000000013c51800 nmethod 2002 0x0000000002fe1190 code [0x0000000002fe1320, 0x0000000002fe18d8]
Event: 6.170 Thread 0x0000000013c51800 2000       2       java.beans.FeatureDescriptor::<init> (137 bytes)
Event: 6.171 Thread 0x0000000013c51800 nmethod 2000 0x0000000002fe1b90 code [0x0000000002fe1d60, 0x0000000002fe25b8]
Event: 6.171 Thread 0x0000000013c51800 2001       1       sun.reflect.generics.reflectiveObjects.ParameterizedTypeImpl::getOwnerType (5 bytes)
Event: 6.172 Thread 0x0000000013c51800 nmethod 2001 0x0000000002fe2950 code [0x0000000002fe2aa0, 0x0000000002fe2bb0]

GC Heap History (8 events):
Event: 1.751 GC heap before
{Heap before GC invocations=1 (full 0):
 PSYoungGen      total 76288K, used 65536K [0x00000000f5580000, 0x00000000faa80000, 0x0000000100000000)
  eden space 65536K, 100% used [0x00000000f5580000,0x00000000f9580000,0x00000000f9580000)
  from space 10752K, 0% used [0x00000000fa000000,0x00000000fa000000,0x00000000faa80000)
  to   space 10752K, 0% used [0x00000000f9580000,0x00000000f9580000,0x00000000fa000000)
 ParOldGen       total 175104K, used 0K [0x00000000e0000000, 0x00000000eab00000, 0x00000000f5580000)
  object space 175104K, 0% used [0x00000000e0000000,0x00000000e0000000,0x00000000eab00000)
 Metaspace       used 7139K, capacity 7400K, committed 7680K, reserved 1056768K
  class space    used 937K, capacity 980K, committed 1024K, reserved 1048576K
Event: 1.760 GC heap after
Heap after GC invocations=1 (full 0):
 PSYoungGen      total 76288K, used 5954K [0x00000000f5580000, 0x00000000faa80000, 0x0000000100000000)
  eden space 65536K, 0% used [0x00000000f5580000,0x00000000f5580000,0x00000000f9580000)
  from space 10752K, 55% used [0x00000000f9580000,0x00000000f9b50ac8,0x00000000fa000000)
  to   space 10752K, 0% used [0x00000000fa000000,0x00000000fa000000,0x00000000faa80000)
 ParOldGen       total 175104K, used 16K [0x00000000e0000000, 0x00000000eab00000, 0x00000000f5580000)
  object space 175104K, 0% used [0x00000000e0000000,0x00000000e0004000,0x00000000eab00000)
 Metaspace       used 7139K, capacity 7400K, committed 7680K, reserved 1056768K
  class space    used 937K, capacity 980K, committed 1024K, reserved 1048576K
}
Event: 3.517 GC heap before
{Heap before GC invocations=2 (full 0):
 PSYoungGen      total 76288K, used 71490K [0x00000000f5580000, 0x00000000faa80000, 0x0000000100000000)
  eden space 65536K, 100% used [0x00000000f5580000,0x00000000f9580000,0x00000000f9580000)
  from space 10752K, 55% used [0x00000000f9580000,0x00000000f9b50ac8,0x00000000fa000000)
  to   space 10752K, 0% used [0x00000000fa000000,0x00000000fa000000,0x00000000faa80000)
 ParOldGen       total 175104K, used 16K [0x00000000e0000000, 0x00000000eab00000, 0x00000000f5580000)
  object space 175104K, 0% used [0x00000000e0000000,0x00000000e0004000,0x00000000eab00000)
 Metaspace       used 15067K, capacity 15400K, committed 15744K, reserved 1062912K
  class space    used 2198K, capacity 2330K, committed 2432K, reserved 1048576K
Event: 3.543 GC heap after
Heap after GC invocations=2 (full 0):
 PSYoungGen      total 76288K, used 10345K [0x00000000f5580000, 0x00000000faa80000, 0x0000000100000000)
  eden space 65536K, 0% used [0x00000000f5580000,0x00000000f5580000,0x00000000f9580000)
  from space 10752K, 96% used [0x00000000fa000000,0x00000000faa1a498,0x00000000faa80000)
  to   space 10752K, 0% used [0x00000000f9580000,0x00000000f9580000,0x00000000fa000000)
 ParOldGen       total 175104K, used 24K [0x00000000e0000000, 0x00000000eab00000, 0x00000000f5580000)
  object space 175104K, 0% used [0x00000000e0000000,0x00000000e0006000,0x00000000eab00000)
 Metaspace       used 15067K, capacity 15400K, committed 15744K, reserved 1062912K
  class space    used 2198K, capacity 2330K, committed 2432K, reserved 1048576K
}
Event: 5.094 GC heap before
{Heap before GC invocations=3 (full 0):
 PSYoungGen      total 76288K, used 59981K [0x00000000f5580000, 0x00000000faa80000, 0x0000000100000000)
  eden space 65536K, 75% used [0x00000000f5580000,0x00000000f85f9238,0x00000000f9580000)
  from space 10752K, 96% used [0x00000000fa000000,0x00000000faa1a498,0x00000000faa80000)
  to   space 10752K, 0% used [0x00000000f9580000,0x00000000f9580000,0x00000000fa000000)
 ParOldGen       total 175104K, used 24K [0x00000000e0000000, 0x00000000eab00000, 0x00000000f5580000)
  object space 175104K, 0% used [0x00000000e0000000,0x00000000e0006000,0x00000000eab00000)
 Metaspace       used 20785K, capacity 21104K, committed 21248K, reserved 1067008K
  class space    used 2932K, capacity 3036K, committed 3072K, reserved 1048576K
Event: 5.112 GC heap after
Heap after GC invocations=3 (full 0):
 PSYoungGen      total 76288K, used 10741K [0x00000000f5580000, 0x00000000faa80000, 0x0000000100000000)
  eden space 65536K, 0% used [0x00000000f5580000,0x00000000f5580000,0x00000000f9580000)
  from space 10752K, 99% used [0x00000000f9580000,0x00000000f9ffd5f8,0x00000000fa000000)
  to   space 10752K, 0% used [0x00000000fa000000,0x00000000fa000000,0x00000000faa80000)
 ParOldGen       total 175104K, used 211K [0x00000000e0000000, 0x00000000eab00000, 0x00000000f5580000)
  object space 175104K, 0% used [0x00000000e0000000,0x00000000e0034c18,0x00000000eab00000)
 Metaspace       used 20785K, capacity 21104K, committed 21248K, reserved 1067008K
  class space    used 2932K, capacity 3036K, committed 3072K, reserved 1048576K
}
Event: 5.112 GC heap before
{Heap before GC invocations=4 (full 1):
 PSYoungGen      total 76288K, used 10741K [0x00000000f5580000, 0x00000000faa80000, 0x0000000100000000)
  eden space 65536K, 0% used [0x00000000f5580000,0x00000000f5580000,0x00000000f9580000)
  from space 10752K, 99% used [0x00000000f9580000,0x00000000f9ffd5f8,0x00000000fa000000)
  to   space 10752K, 0% used [0x00000000fa000000,0x00000000fa000000,0x00000000faa80000)
 ParOldGen       total 175104K, used 211K [0x00000000e0000000, 0x00000000eab00000, 0x00000000f5580000)
  object space 175104K, 0% used [0x00000000e0000000,0x00000000e0034c18,0x00000000eab00000)
 Metaspace       used 20785K, capacity 21104K, committed 21248K, reserved 1067008K
  class space    used 2932K, capacity 3036K, committed 3072K, reserved 1048576K
Event: 5.198 GC heap after
Heap after GC invocations=4 (full 1):
 PSYoungGen      total 76288K, used 0K [0x00000000f5580000, 0x00000000faa80000, 0x0000000100000000)
  eden space 65536K, 0% used [0x00000000f5580000,0x00000000f5580000,0x00000000f9580000)
  from space 10752K, 0% used [0x00000000f9580000,0x00000000f9580000,0x00000000fa000000)
  to   space 10752K, 0% used [0x00000000fa000000,0x00000000fa000000,0x00000000faa80000)
 ParOldGen       total 175104K, used 10689K [0x00000000e0000000, 0x00000000eab00000, 0x00000000f5580000)
  object space 175104K, 6% used [0x00000000e0000000,0x00000000e0a70730,0x00000000eab00000)
 Metaspace       used 20785K, capacity 21104K, committed 21248K, reserved 1067008K
  class space    used 2932K, capacity 3036K, committed 3072K, reserved 1048576K
}

Deoptimization events (10 events):
Event: 5.668 Thread 0x000000001703e800 Uncommon trap: reason=class_check action=maybe_recompile pc=0x00000000029e66d8 method=sun.misc.URLClassPath.getLoader(I)Lsun/misc/URLClassPath$Loader; @ 94
Event: 5.668 Thread 0x000000001703e800 Uncommon trap: reason=class_check action=maybe_recompile pc=0x0000000002d4f758 method=sun.misc.URLClassPath.getResource(Ljava/lang/String;Z)Lsun/misc/Resource; @ 62
Event: 5.668 Thread 0x000000001703e800 Uncommon trap: reason=unstable_if action=reinterpret pc=0x0000000002dfc6e8 method=java.lang.String.regionMatches(ZILjava/lang/String;II)Z @ 41
Event: 5.671 Thread 0x000000001703e800 Uncommon trap: reason=unstable_if action=reinterpret pc=0x0000000002cafec4 method=java.lang.ClassLoader.getClassLoadingLock(Ljava/lang/String;)Ljava/lang/Object; @ 6
Event: 5.711 Thread 0x000000001703e800 Uncommon trap: reason=class_check action=maybe_recompile pc=0x00000000029e686c method=sun.misc.URLClassPath.getLoader(I)Lsun/misc/URLClassPath$Loader; @ 193
Event: 5.728 Thread 0x000000001703e800 Uncommon trap: reason=class_check action=maybe_recompile pc=0x00000000029e686c method=sun.misc.URLClassPath.getLoader(I)Lsun/misc/URLClassPath$Loader; @ 193
Event: 6.012 Thread 0x000000001703e800 Uncommon trap: reason=unstable_if action=reinterpret pc=0x0000000002d445c8 method=sun.nio.cs.UTF_8$Decoder.decode([BII[C)I @ 30
Event: 6.013 Thread 0x000000001703e800 Uncommon trap: reason=unstable_if action=reinterpret pc=0x00000000029b6adc method=sun.nio.cs.UTF_8$Encoder.encode([CII[B)I @ 33
Event: 6.024 Thread 0x000000001703e800 Uncommon trap: reason=class_check action=maybe_recompile pc=0x00000000029e66d8 method=sun.misc.URLClassPath.getLoader(I)Lsun/misc/URLClassPath$Loader; @ 94
Event: 6.031 Thread 0x000000001703e800 Uncommon trap: reason=class_check action=maybe_recompile pc=0x00000000029e0d68 method=sun.misc.URLClassPath.getLoader(I)Lsun/misc/URLClassPath$Loader; @ 193

Internal exceptions (10 events):
Event: 6.141 Thread 0x000000001703e800 Exception <a 'java/lang/ClassNotFoundException': java/io/InputStreamReaderBeanInfo> (0x00000000f79cc8a0) thrown at [C:\re\workspace\8-2-build-windows-amd64-cygwin\jdk8u60\4407\hotspot\src\share\vm\classfile\systemDictionary.cpp, line 210]
Event: 6.141 Thread 0x000000001703e800 Exception <a 'java/lang/ClassNotFoundException': java/io/ReaderBeanInfo> (0x00000000f79d05b8) thrown at [C:\re\workspace\8-2-build-windows-amd64-cygwin\jdk8u60\4407\hotspot\src\share\vm\classfile\systemDictionary.cpp, line 210]
Event: 6.142 Thread 0x000000001703e800 Exception <a 'java/lang/ClassNotFoundException': java/io/ReaderCustomizer> (0x00000000f79d4348) thrown at [C:\re\workspace\8-2-build-windows-amd64-cygwin\jdk8u60\4407\hotspot\src\share\vm\classfile\systemDictionary.cpp, line 210]
Event: 6.143 Thread 0x000000001703e800 Exception <a 'java/lang/ClassNotFoundException': java/io/InputStreamReaderCustomizer> (0x00000000f79dce28) thrown at [C:\re\workspace\8-2-build-windows-amd64-cygwin\jdk8u60\4407\hotspot\src\share\vm\classfile\systemDictionary.cpp, line 210]
Event: 6.146 Thread 0x000000001703e800 Exception <a 'java/lang/ClassNotFoundException': java/io/BufferedReaderBeanInfo> (0x00000000f7a01570) thrown at [C:\re\workspace\8-2-build-windows-amd64-cygwin\jdk8u60\4407\hotspot\src\share\vm\classfile\systemDictionary.cpp, line 210]
Event: 6.146 Thread 0x000000001703e800 Exception <a 'java/lang/ClassNotFoundException': java/io/BufferedReaderCustomizer> (0x00000000f7a053c8) thrown at [C:\re\workspace\8-2-build-windows-amd64-cygwin\jdk8u60\4407\hotspot\src\share\vm\classfile\systemDictionary.cpp, line 210]
Event: 6.156 Thread 0x000000001703e800 Exception <a 'java/lang/ClassNotFoundException': java/lang/StringBufferBeanInfo> (0x00000000f7b16de0) thrown at [C:\re\workspace\8-2-build-windows-amd64-cygwin\jdk8u60\4407\hotspot\src\share\vm\classfile\systemDictionary.cpp, line 210]
Event: 6.156 Thread 0x000000001703e800 Exception <a 'java/lang/ClassNotFoundException': java/lang/AbstractStringBuilderBeanInfo> (0x00000000f7b1add8) thrown at [C:\re\workspace\8-2-build-windows-amd64-cygwin\jdk8u60\4407\hotspot\src\share\vm\classfile\systemDictionary.cpp, line 210]
Event: 6.157 Thread 0x000000001703e800 Exception <a 'java/lang/ClassNotFoundException': java/lang/AbstractStringBuilderCustomizer> (0x00000000f7b1ef28) thrown at [C:\re\workspace\8-2-build-windows-amd64-cygwin\jdk8u60\4407\hotspot\src\share\vm\classfile\systemDictionary.cpp, line 210]
Event: 6.165 Thread 0x000000001703e800 Exception <a 'java/lang/ClassNotFoundException': java/lang/StringBufferCustomizer> (0x00000000f7bc3170) thrown at [C:\re\workspace\8-2-build-windows-amd64-cygwin\jdk8u60\4407\hotspot\src\share\vm\classfile\systemDictionary.cpp, line 210]

Events (10 events):
Event: 6.157 loading class java/lang/AbstractStringBuilderCustomizer
Event: 6.157 loading class java/lang/AbstractStringBuilderCustomizer done
Event: 6.157 loading class java/lang/AbstractStringBuilderCustomizer
Event: 6.157 loading class java/lang/AbstractStringBuilderCustomizer done
Event: 6.165 loading class java/lang/StringBufferCustomizer
Event: 6.165 loading class java/lang/StringBufferCustomizer done
Event: 6.165 loading class java/lang/StringBufferCustomizer
Event: 6.165 loading class java/lang/StringBufferCustomizer done
Event: 6.174 loading class groovy/lang/GroovyRuntimeException
Event: 6.174 loading class groovy/lang/GroovyRuntimeException done


Dynamic libraries:
0x00007ff7b2a60000 - 0x00007ff7b2a97000 	C:\Program Files\Java\jdk1.8.0_60\bin\java.exe
0x00007ffea0490000 - 0x00007ffea0685000 	C:\Windows\SYSTEM32\ntdll.dll
0x00007ffe9ee70000 - 0x00007ffe9ef2d000 	C:\Windows\System32\KERNEL32.DLL
0x00007ffe9dc50000 - 0x00007ffe9df18000 	C:\Windows\System32\KERNELBASE.dll
0x00007ffe9f9c0000 - 0x00007ffe9fa6c000 	C:\Windows\System32\ADVAPI32.dll
0x00007ffe9e990000 - 0x00007ffe9ea2e000 	C:\Windows\System32\msvcrt.dll
0x00007ffe9f8b0000 - 0x00007ffe9f94b000 	C:\Windows\System32\sechost.dll
0x00007ffe9ef40000 - 0x00007ffe9f06b000 	C:\Windows\System32\RPCRT4.dll
0x00007ffe9e610000 - 0x00007ffe9e7b0000 	C:\Windows\System32\USER32.dll
0x00007ffe9dbd0000 - 0x00007ffe9dbf2000 	C:\Windows\System32\win32u.dll
0x00007ffe9e960000 - 0x00007ffe9e98a000 	C:\Windows\System32\GDI32.dll
0x00007ffe9e1d0000 - 0x00007ffe9e2db000 	C:\Windows\System32\gdi32full.dll
0x00007ffe9df20000 - 0x00007ffe9dfbd000 	C:\Windows\System32\msvcp_win.dll
0x00007ffe9dff0000 - 0x00007ffe9e0f0000 	C:\Windows\System32\ucrtbase.dll
0x00007ffe8dbe0000 - 0x00007ffe8de7a000 	C:\Windows\WinSxS\amd64_microsoft.windows.common-controls_6595b64144ccf1df_6.0.19041.844_none_ca00b6081b84eb1d\COMCTL32.dll
0x00007ffea0280000 - 0x00007ffea02b0000 	C:\Windows\System32\IMM32.DLL
0x0000000062930000 - 0x0000000062a02000 	C:\Program Files\Java\jdk1.8.0_60\jre\bin\msvcr100.dll
0x00000000620a0000 - 0x0000000062929000 	C:\Program Files\Java\jdk1.8.0_60\jre\bin\server\jvm.dll
0x00007ffe9fa70000 - 0x00007ffe9fa78000 	C:\Windows\System32\PSAPI.DLL
0x00007ffe8e2d0000 - 0x00007ffe8e2f7000 	C:\Windows\SYSTEM32\WINMM.dll
0x00007ffe8df70000 - 0x00007ffe8df7a000 	C:\Windows\SYSTEM32\VERSION.dll
0x00007ffe99b40000 - 0x00007ffe99b49000 	C:\Windows\SYSTEM32\WSOCK32.dll
0x00007ffe9f950000 - 0x00007ffe9f9bb000 	C:\Windows\System32\WS2_32.dll
0x0000000062090000 - 0x000000006209f000 	C:\Program Files\Java\jdk1.8.0_60\jre\bin\verify.dll
0x0000000062060000 - 0x0000000062089000 	C:\Program Files\Java\jdk1.8.0_60\jre\bin\java.dll
0x0000000062040000 - 0x0000000062056000 	C:\Program Files\Java\jdk1.8.0_60\jre\bin\zip.dll
0x00007ffe9f080000 - 0x00007ffe9f7c2000 	C:\Windows\System32\SHELL32.dll
0x00007ffe9bd10000 - 0x00007ffe9c4a1000 	C:\Windows\SYSTEM32\windows.storage.dll
0x00007ffe9ea90000 - 0x00007ffe9ede5000 	C:\Windows\System32\combase.dll
0x00007ffe9d640000 - 0x00007ffe9d66c000 	C:\Windows\SYSTEM32\Wldp.dll
0x00007ffe9fa80000 - 0x00007ffe9fb2e000 	C:\Windows\System32\SHCORE.dll
0x00007ffe9fdb0000 - 0x00007ffe9fe05000 	C:\Windows\System32\shlwapi.dll
0x00007ffe9db10000 - 0x00007ffe9db2f000 	C:\Windows\SYSTEM32\profapi.dll
0x0000000062020000 - 0x000000006203a000 	C:\Program Files\Java\jdk1.8.0_60\jre\bin\net.dll
0x00007ffe9d3b0000 - 0x00007ffe9d41a000 	C:\Windows\system32\mswsock.dll
0x0000000062000000 - 0x0000000062011000 	C:\Program Files\Java\jdk1.8.0_60\jre\bin\nio.dll
0x00007ffe87800000 - 0x00007ffe87826000 	C:\Users\NISSSD\.gradle\native\29\windows-amd64\native-platform.dll
0x0000000061ff0000 - 0x0000000061ffd000 	C:\Program Files\Java\jdk1.8.0_60\jre\bin\management.dll
0x00007ffe9d580000 - 0x00007ffe9d598000 	C:\Windows\SYSTEM32\CRYPTSP.dll
0x00007ffe9cce0000 - 0x00007ffe9cd14000 	C:\Windows\system32\rsaenh.dll
0x00007ffe9dfc0000 - 0x00007ffe9dfe7000 	C:\Windows\System32\bcrypt.dll
0x00007ffe9dad0000 - 0x00007ffe9dafe000 	C:\Windows\SYSTEM32\USERENV.dll
0x00007ffe9e150000 - 0x00007ffe9e1d0000 	C:\Windows\System32\bcryptprimitives.dll
0x00007ffe9d5a0000 - 0x00007ffe9d5ac000 	C:\Windows\SYSTEM32\CRYPTBASE.dll
0x00007ffe9d050000 - 0x00007ffe9d08b000 	C:\Windows\SYSTEM32\IPHLPAPI.DLL
0x00007ffe9ef30000 - 0x00007ffe9ef38000 	C:\Windows\System32\NSI.dll
0x00007ffe929f0000 - 0x00007ffe92a07000 	C:\Windows\SYSTEM32\dhcpcsvc6.DLL
0x00007ffe94130000 - 0x00007ffe9414d000 	C:\Windows\SYSTEM32\dhcpcsvc.DLL
0x00007ffe9d0a0000 - 0x00007ffe9d16c000 	C:\Windows\SYSTEM32\DNSAPI.dll

VM Arguments:
jvm_args: -XX:MaxMetaspaceSize=256m -XX:+HeapDumpOnOutOfMemoryError -Xms256m -Xmx512m -Dfile.encoding=windows-1252 -Duser.country=US -Duser.language=en -Duser.variant 
java_command: org.gradle.launcher.daemon.bootstrap.GradleDaemon 5.5
java_class_path (initial): C:\Users\NISSSD\.gradle\wrapper\dists\gradle-5.5-all\byeise1led9a3w3p149d02kfj\gradle-5.5\lib\gradle-launcher-5.5.jar
Launcher Type: SUN_STANDARD

Environment Variables:
JAVA_HOME=C:\Program Files\Java\jdk1.8.0_60
CLASSPATH=D:\Dharmendra Singh\MobileApp\Spy_App\rn-heartbeat-master\android\\gradle\wrapper\gradle-wrapper.jar
PATH=C:\ProgramData\Oracle\Java\javapath;C:\Windows\system32;C:\Windows;C:\Windows\System32\Wbem;C:\Windows\System32\WindowsPowerShell\v1.0\;C:\Windows\System32\OpenSSH\;C:\Program Files\nodejs\;C:\Program Files\Java\jdk1.8.0_60\bin;C:\Users\NISSSD\AppData\Local\Android\Sdk\platform-tools;C:\Program Files\Git\cmd;C:\Users\NISSSD\AppData\Local\Programs\Python\Python39\Scripts\;C:\Users\NISSSD\AppData\Local\Programs\Python\Python39\;C:\Users\NISSSD\AppData\Local\Microsoft\WindowsApps;C:\Users\NISSSD\AppData\Roaming\npm;C:\Users\NISSSD\AppData\Local\Programs\Microsoft VS Code\bin
USERNAME=NISSSD
OS=Windows_NT
PROCESSOR_IDENTIFIER=Intel64 Family 6 Model 61 Stepping 4, GenuineIntel



---------------  S Y S T E M  ---------------

OS: Windows 10.0 , 64 bit Build 19041 (10.0.19041.928)

CPU:total 4 (2 cores per cpu, 2 threads per core) family 6 model 61 stepping 4, cmov, cx8, fxsr, mmx, sse, sse2, sse3, ssse3, sse4.1, sse4.2, popcnt, avx, avx2, aes, clmul, erms, 3dnowpref, lzcnt, ht, tsc, tscinvbit, bmi1, bmi2, adx

Memory: 4k page, physical 8307372k(377640k free), swap 27436760k(3220k free)

vm_info: Java HotSpot(TM) 64-Bit Server VM (25.60-b23) for windows-amd64 JRE (1.8.0_60-b27), built on Aug  4 2015 11:06:27 by "java_re" with MS VC++ 10.0 (VS2010)

time: Thu May 06 15:45:43 2021
elapsed time: 6 seconds (0d 0h 0m 6s)

